<?xml version="1.0" encoding="UTF-8"?>
<Site BuildName="(empty)"
	BuildStamp="20230907-0932-Experimental"
	Name="hchju777"
	Generator="ctest-3.16.3"
	CompilerName="/usr/bin/c++"
	CompilerVersion="9.4.0"
	OSName="Linux"
	Hostname="hchju777"
	OSRelease="5.15.0-82-generic"
	OSVersion="#91~20.04.1-Ubuntu SMP Fri Aug 18 16:24:39 UTC 2023"
	OSPlatform="x86_64"
	Is64Bits="1"
	VendorString="GenuineIntel"
	VendorID="Intel Corporation"
	FamilyID="6"
	ModelID="94"
	ProcessorCacheSize="6144"
	NumberOfLogicalCPU="4"
	NumberOfPhysicalCPU="4"
	TotalVirtualMemory="7999"
	TotalPhysicalMemory="15923"
	LogicalProcessorsPerPhysical="1"
	ProcessorClockFrequency="3650.5"
	>
	<Testing>
		<StartDateTime>Sep 07 20:27 KST</StartDateTime>
		<StartTestTime>1694086053</StartTestTime>
		<TestList/>
		<EndDateTime>Sep 07 20:27 KST</EndDateTime>
		<EndTestTime>1694086053</EndTestTime>
		<ElapsedMinutes>0</ElapsedMinutes>
	</Testing>
</Site>
