<?xml version="1.0" encoding="UTF-8"?>
<Site BuildName="(empty)"
	BuildStamp="20230628-0011-Experimental"
	Name="hchju777"
	Generator="ctest-3.16.3"
	CompilerName="/usr/bin/c++"
	CompilerVersion="9.4.0"
	OSName="Linux"
	Hostname="hchju777"
	OSRelease="5.15.0-75-generic"
	OSVersion="#82~20.04.1-Ubuntu SMP Wed Jun 7 19:37:37 UTC 2023"
	OSPlatform="x86_64"
	Is64Bits="1"
	VendorString="GenuineIntel"
	VendorID="Intel Corporation"
	FamilyID="6"
	ModelID="94"
	ProcessorCacheSize="6144"
	NumberOfLogicalCPU="4"
	NumberOfPhysicalCPU="4"
	TotalVirtualMemory="7999"
	TotalPhysicalMemory="15923"
	LogicalProcessorsPerPhysical="1"
	ProcessorClockFrequency="3742.96"
	>
	<Testing>
		<StartDateTime>Jun 28 15:11 KST</StartDateTime>
		<StartTestTime>1687932678</StartTestTime>
		<TestList/>
		<EndDateTime>Jun 28 15:11 KST</EndDateTime>
		<EndTestTime>1687932678</EndTestTime>
		<ElapsedMinutes>0</ElapsedMinutes>
	</Testing>
</Site>
