<?xml version="1.0" encoding="UTF-8"?>
<Site BuildName="(empty)"
	BuildStamp="20230913-0230-Experimental"
	Name="hchju777"
	Generator="ctest-3.16.3"
	CompilerName="/usr/bin/c++"
	CompilerVersion="9.4.0"
	OSName="Linux"
	Hostname="hchju777"
	OSRelease="5.15.0-83-generic"
	OSVersion="#92~20.04.1-Ubuntu SMP Mon Aug 21 14:00:49 UTC 2023"
	OSPlatform="x86_64"
	Is64Bits="1"
	VendorString="GenuineIntel"
	VendorID="Intel Corporation"
	FamilyID="6"
	ModelID="94"
	ProcessorCacheSize="6144"
	NumberOfLogicalCPU="4"
	NumberOfPhysicalCPU="4"
	TotalVirtualMemory="7999"
	TotalPhysicalMemory="15923"
	LogicalProcessorsPerPhysical="1"
	ProcessorClockFrequency="3602.99"
	>
	<Testing>
		<StartDateTime>Sep 13 21:31 KST</StartDateTime>
		<StartTestTime>1694608285</StartTestTime>
		<TestList/>
		<EndDateTime>Sep 13 21:31 KST</EndDateTime>
		<EndTestTime>1694608285</EndTestTime>
		<ElapsedMinutes>0</ElapsedMinutes>
	</Testing>
</Site>
