<?xml version="1.0" encoding="UTF-8"?>
<Site BuildName="(empty)"
	BuildStamp="20230901-0345-Experimental"
	Name="hchju777"
	Generator="ctest-3.16.3"
	CompilerName="/usr/bin/c++"
	CompilerVersion="9.4.0"
	OSName="Linux"
	Hostname="hchju777"
	OSRelease="5.15.0-82-generic"
	OSVersion="#91~20.04.1-Ubuntu SMP Fri Aug 18 16:24:39 UTC 2023"
	OSPlatform="x86_64"
	Is64Bits="1"
	VendorString="AuthenticAMD"
	VendorID="Advanced Micro Devices"
	FamilyID="23"
	ModelID="96"
	ProcessorCacheSize="512"
	NumberOfLogicalCPU="16"
	NumberOfPhysicalCPU="8"
	TotalVirtualMemory="7999"
	TotalPhysicalMemory="15400"
	LogicalProcessorsPerPhysical="2"
	ProcessorClockFrequency="2454.01"
	>
	<Testing>
		<StartDateTime>Sep 01 23:58 KST</StartDateTime>
		<StartTestTime>1693580307</StartTestTime>
		<TestList/>
		<EndDateTime>Sep 01 23:58 KST</EndDateTime>
		<EndTestTime>1693580307</EndTestTime>
		<ElapsedMinutes>0</ElapsedMinutes>
	</Testing>
</Site>
