<?xml version="1.0" encoding="UTF-8"?>
<Site BuildName="(empty)"
	BuildStamp="20230616-0110-Experimental"
	Name="hchju777"
	Generator="ctest-3.16.3"
	CompilerName="/usr/bin/c++"
	CompilerVersion="9.4.0"
	OSName="Linux"
	Hostname="hchju777"
	OSRelease="5.15.0-72-generic"
	OSVersion="#79~20.04.1-Ubuntu SMP Thu Apr 20 22:12:07 UTC 2023"
	OSPlatform="x86_64"
	Is64Bits="1"
	VendorString="GenuineIntel"
	VendorID="Intel Corporation"
	FamilyID="6"
	ModelID="94"
	ProcessorCacheSize="6144"
	NumberOfLogicalCPU="4"
	NumberOfPhysicalCPU="4"
	TotalVirtualMemory="7999"
	TotalPhysicalMemory="15935"
	LogicalProcessorsPerPhysical="1"
	ProcessorClockFrequency="3623.85"
	>
	<Testing>
		<StartDateTime>Jun 16 10:35 KST</StartDateTime>
		<StartTestTime>1686879326</StartTestTime>
		<TestList/>
		<EndDateTime>Jun 16 10:35 KST</EndDateTime>
		<EndTestTime>1686879326</EndTestTime>
		<ElapsedMinutes>0</ElapsedMinutes>
	</Testing>
</Site>
